\BOOKMARK [2][-]{section*.1}{\376\377\000G\000o\000a\000l\000\040\000o\000f\000\040\000t\000h\000i\000s\000\040\000c\000o\000u\000r\000s\000e}{}% 1
\BOOKMARK [2][-]{section*.2}{\376\377\000W\000h\000y\000\040\000d\000o\000\040\000w\000e\000\040\000c\000a\000r\000e\000\040\000a\000b\000o\000u\000t\000\040\000R\000?}{}% 2
\BOOKMARK [2][-]{section*.5}{\376\377\000R\000\040\000f\000o\000r\000\040\000d\000a\000t\000a\000\040\000s\000c\000i\000e\000n\000c\000e}{}% 3
\BOOKMARK [1][-]{section*.6}{\376\377\000W\000h\000a\000t\000\040\000i\000s\000\040\000R\000\040\000/\000\040\000R\000S\000t\000u\000d\000i\000o\000?}{}% 4
\BOOKMARK [2][-]{section*.7}{\376\377\000C\000o\000m\000m\000u\000n\000i\000c\000a\000t\000i\000n\000g\000\040\000w\000i\000t\000h\000\040\000t\000h\000e\000\040\000c\000o\000m\000p\000t\000u\000e\000r}{section*.6}% 5
\BOOKMARK [3][-]{section*.8}{\376\377\000R\000\040\000\176\000\040\000E\000n\000g\000l\000i\000s\000h}{section*.7}% 6
\BOOKMARK [3][-]{section*.9}{\376\377\000R\000S\000t\000u\000d\000i\000o\000:\000\040\000I\000n\000t\000e\000g\000r\000a\000t\000e\000d\000\040\000D\000e\000v\000e\000l\000o\000p\000m\000e\000n\000t\000\040\000E\000n\000v\000i\000r\000o\000n\000m\000e\000n\000t\000\040\000\176\000\040\000W\000o\000r\000d}{section*.7}% 7
\BOOKMARK [3][-]{section*.10}{\376\377\000R\000\040\000p\000a\000c\000k\000a\000g\000e\000s\000\040\000\176\000\040\000T\000a\000b\000s\000\040\000i\000n\000\040\000W\000o\000r\000d}{section*.7}% 8
\BOOKMARK [2][-]{section*.12}{\376\377\000R\000S\000t\000u\000d\000i\000o}{section*.6}% 9
\BOOKMARK [1][-]{section*.26}{\376\377\000P\000a\000t\000h\000s\000\040\000\046\000\040\000w\000o\000r\000k\000i\000n\000g\000\040\000d\000i\000r\000e\000c\000t\000o\000r\000y}{}% 10
\BOOKMARK [2][-]{section*.27}{\376\377\000P\000a\000t\000h\000s\000\040\000a\000n\000d\000\040\000w\000o\000r\000k\000i\000n\000g\000\040\000d\000i\000r\000e\000c\000t\000o\000r\000y\000\040\000\050\000f\000o\000l\000d\000e\000r\000\051}{section*.26}% 11
\BOOKMARK [2][-]{section*.28}{\376\377\000P\000a\000t\000h\000s\000\040\000a\000n\000d\000\040\000w\000o\000r\000k\000i\000n\000g\000\040\000d\000i\000r\000e\000c\000t\000o\000r\000y\000\040\000\050\000c\000o\000n\000t\000\051}{section*.26}% 12
\BOOKMARK [1][-]{section*.31}{\376\377\000T\000y\000p\000e\000\040\000o\000f\000\040\000R\000\040\000d\000o\000c\000u\000m\000e\000n\000t\000s}{}% 13
\BOOKMARK [2][-]{section*.32}{\376\377\000R\000-\000s\000c\000r\000i\000p\000t\000s\000\040\000\050\000.\000R\000\051}{section*.31}% 14
\BOOKMARK [3][-]{section*.33}{\376\377\000R\000s\000t\000u\000d\000i\000o\000-\000p\000r\000o\000j\000e\000c\000t\000s\000\040\000\050\000.\000R\000p\000r\000o\000j\000\051}{section*.32}% 15
\BOOKMARK [3][-]{section*.34}{\376\377\000R\000-\000n\000o\000t\000e\000b\000o\000o\000k\000s\000\040\000\050\000.\000R\000m\000d\000\051\000\040\000a\000n\000d\000\040\000Q\000u\000a\000r\000t\000o\000\040\000d\000o\000c\000u\000m\000e\000n\000t\000s\000\040\000\050\000.\000q\000m\000d\000\051}{section*.32}% 16
\BOOKMARK [1][-]{section*.35}{\376\377\000H\000o\000w\000\040\000d\000o\000e\000s\000\040\000R\000\040\000\050\000a\000n\000d\000\040\000P\000y\000t\000h\000o\000n\000\051\000\040\000w\000o\000r\000k}{}% 17
\BOOKMARK [2][-]{section*.36}{\376\377\000V\000a\000r\000i\000a\000b\000l\000e\000s\000\040\000a\000n\000d\000\040\000c\000o\000d\000e}{section*.35}% 18
\BOOKMARK [3][-]{section*.37}{\376\377\000V\000a\000r\000i\000a\000b\000l\000e\000s\000:}{section*.36}% 19
\BOOKMARK [3][-]{section*.38}{\376\377\000C\000o\000d\000e\000:}{section*.36}% 20
\BOOKMARK [2][-]{section*.39}{\376\377\000O\000b\000j\000e\000c\000t\000s\000\040\000i\000n\000\040\000R\000:}{section*.35}% 21
\BOOKMARK [3][-]{section*.40}{\376\377\000B\000a\000s\000i\000c\000\040\000d\000a\000t\000a\000\040\000t\000y\000p\000e\000s\000\040\000\050\000e\000l\000e\000m\000e\000n\000t\000s\000\051}{section*.39}% 22
\BOOKMARK [3][-]{section*.41}{\376\377\000B\000a\000s\000i\000c\000\040\000d\000a\000t\000a\000\040\000s\000t\000r\000u\000c\000t\000u\000r\000e\000s}{section*.39}% 23
\BOOKMARK [2][-]{section*.42}{\376\377\000T\000h\000e\000\040\000h\000e\000l\000p}{section*.35}% 24
\BOOKMARK [2][-]{section*.43}{\376\377\000C\000a\000l\000l\000i\000n\000g\000\040\000o\000b\000j\000e\000c\000t\000s}{section*.35}% 25
\BOOKMARK [2][-]{section*.44}{\376\377\000W\000r\000i\000t\000i\000n\000g\000\040\000c\000o\000d\000e}{section*.35}% 26
\BOOKMARK [3][-]{section*.45}{\376\377\0001\000.\000\040\000U\000s\000i\000n\000g\000\040\000f\000u\000n\000c\000t\000i\000o\000n\000s}{section*.44}% 27
\BOOKMARK [3][-]{section*.46}{\376\377\0002\000.\000\040\000U\000s\000i\000n\000g\000\040\000p\000a\000c\000k\000a\000g\000e\000s}{section*.44}% 28
\BOOKMARK [3][-]{section*.47}{\376\377\0003\000.\000\040\000S\000o\000m\000e\000\040\000o\000t\000h\000e\000r\000\040\000i\000m\000p\000o\000r\000t\000a\000n\000t\000\040\000c\000o\000n\000s\000i\000d\000e\000r\000a\000t\000i\000o\000n\000s}{section*.44}% 29
\BOOKMARK [2][-]{section*.48}{\376\377\000P\000r\000a\000c\000t\000i\000c\000a\000l\000\040\000A}{section*.35}% 30
